Analysis & Synthesis report for sram_control
Thu Sep 22 09:43:30 2011
Quartus II Version 9.0 Build 184 04/29/2009 Service Pack 1 SJ Web Edition


---------------------
; Table of Contents ;
---------------------
  1. Legal Notice
  2. Analysis & Synthesis Summary
  3. Analysis & Synthesis Settings
  4. Analysis & Synthesis Source Files Read
  5. Analysis & Synthesis Resource Usage Summary
  6. Analysis & Synthesis Resource Utilization by Entity
  7. State Machine - |sram_control|state
  8. General Register Statistics
  9. Inverted Register Statistics
 10. Analysis & Synthesis Messages



----------------
; Legal Notice ;
----------------
Copyright (C) 1991-2009 Altera Corporation
Your use of Altera Corporation's design tools, logic functions 
and other software and tools, and its AMPP partner logic 
functions, and any output files from any of the foregoing 
(including device programming or simulation files), and any 
associated documentation or information are expressly subject 
to the terms and conditions of the Altera Program License 
Subscription Agreement, Altera MegaCore Function License 
Agreement, or other applicable license agreement, including, 
without limitation, that your use is for the sole purpose of 
programming logic devices manufactured by Altera and sold by 
Altera or its authorized distributors.  Please refer to the 
applicable agreement for further details.



+-----------------------------------------------------------------------------------+
; Analysis & Synthesis Summary                                                      ;
+------------------------------------+----------------------------------------------+
; Analysis & Synthesis Status        ; Successful - Thu Sep 22 09:43:29 2011        ;
; Quartus II Version                 ; 9.0 Build 184 04/29/2009 SP 1 SJ Web Edition ;
; Revision Name                      ; sram_control                                 ;
; Top-level Entity Name              ; sram_control                                 ;
; Family                             ; Cyclone II                                   ;
; Total logic elements               ; 45                                           ;
;     Total combinational functions  ; 6                                            ;
;     Dedicated logic registers      ; 45                                           ;
; Total registers                    ; 45                                           ;
; Total pins                         ; 125                                          ;
; Total virtual pins                 ; 0                                            ;
; Total memory bits                  ; 0                                            ;
; Embedded Multiplier 9-bit elements ; 0                                            ;
; Total PLLs                         ; 0                                            ;
+------------------------------------+----------------------------------------------+


+--------------------------------------------------------------------------------------------------------+
; Analysis & Synthesis Settings                                                                          ;
+--------------------------------------------------------------+--------------------+--------------------+
; Option                                                       ; Setting            ; Default Value      ;
+--------------------------------------------------------------+--------------------+--------------------+
; Device                                                       ; EP2C35F672C6       ;                    ;
; Top-level entity name                                        ; sram_control       ; sram_control       ;
; Family name                                                  ; Cyclone II         ; Stratix II         ;
; Use Generated Physical Constraints File                      ; Off                ;                    ;
; Use smart compilation                                        ; Off                ; Off                ;
; Restructure Multiplexers                                     ; Auto               ; Auto               ;
; Create Debugging Nodes for IP Cores                          ; Off                ; Off                ;
; Preserve fewer node names                                    ; On                 ; On                 ;
; Disable OpenCore Plus hardware evaluation                    ; Off                ; Off                ;
; Verilog Version                                              ; Verilog_2001       ; Verilog_2001       ;
; VHDL Version                                                 ; VHDL93             ; VHDL93             ;
; State Machine Processing                                     ; Auto               ; Auto               ;
; Safe State Machine                                           ; Off                ; Off                ;
; Extract Verilog State Machines                               ; On                 ; On                 ;
; Extract VHDL State Machines                                  ; On                 ; On                 ;
; Ignore Verilog initial constructs                            ; Off                ; Off                ;
; Iteration limit for constant Verilog loops                   ; 5000               ; 5000               ;
; Iteration limit for non-constant Verilog loops               ; 250                ; 250                ;
; Add Pass-Through Logic to Inferred RAMs                      ; On                 ; On                 ;
; Parallel Synthesis                                           ; Off                ; Off                ;
; DSP Block Balancing                                          ; Auto               ; Auto               ;
; NOT Gate Push-Back                                           ; On                 ; On                 ;
; Power-Up Don't Care                                          ; On                 ; On                 ;
; Remove Redundant Logic Cells                                 ; Off                ; Off                ;
; Remove Duplicate Registers                                   ; On                 ; On                 ;
; Ignore CARRY Buffers                                         ; Off                ; Off                ;
; Ignore CASCADE Buffers                                       ; Off                ; Off                ;
; Ignore GLOBAL Buffers                                        ; Off                ; Off                ;
; Ignore ROW GLOBAL Buffers                                    ; Off                ; Off                ;
; Ignore LCELL Buffers                                         ; Off                ; Off                ;
; Ignore SOFT Buffers                                          ; On                 ; On                 ;
; Limit AHDL Integers to 32 Bits                               ; Off                ; Off                ;
; Optimization Technique                                       ; Balanced           ; Balanced           ;
; Carry Chain Length                                           ; 70                 ; 70                 ;
; Auto Carry Chains                                            ; On                 ; On                 ;
; Auto Open-Drain Pins                                         ; On                 ; On                 ;
; Perform WYSIWYG Primitive Resynthesis                        ; Off                ; Off                ;
; Auto ROM Replacement                                         ; On                 ; On                 ;
; Auto RAM Replacement                                         ; On                 ; On                 ;
; Auto Shift Register Replacement                              ; Auto               ; Auto               ;
; Auto Clock Enable Replacement                                ; On                 ; On                 ;
; Strict RAM Replacement                                       ; Off                ; Off                ;
; Allow Synchronous Control Signals                            ; On                 ; On                 ;
; Force Use of Synchronous Clear Signals                       ; Off                ; Off                ;
; Auto RAM to Logic Cell Conversion                            ; Off                ; Off                ;
; Auto Resource Sharing                                        ; Off                ; Off                ;
; Allow Any RAM Size For Recognition                           ; Off                ; Off                ;
; Allow Any ROM Size For Recognition                           ; Off                ; Off                ;
; Allow Any Shift Register Size For Recognition                ; Off                ; Off                ;
; Use LogicLock Constraints during Resource Balancing          ; On                 ; On                 ;
; Ignore translate_off and synthesis_off directives            ; Off                ; Off                ;
; Timing-Driven Synthesis                                      ; Off                ; Off                ;
; Show Parameter Settings Tables in Synthesis Report           ; On                 ; On                 ;
; Ignore Maximum Fan-Out Assignments                           ; Off                ; Off                ;
; Synchronization Register Chain Length                        ; 2                  ; 2                  ;
; PowerPlay Power Optimization                                 ; Normal compilation ; Normal compilation ;
; HDL message level                                            ; Level2             ; Level2             ;
; Suppress Register Optimization Related Messages              ; Off                ; Off                ;
; Number of Removed Registers Reported in Synthesis Report     ; 100                ; 100                ;
; Number of Inverted Registers Reported in Synthesis Report    ; 100                ; 100                ;
; Clock MUX Protection                                         ; On                 ; On                 ;
; Auto Gated Clock Conversion                                  ; Off                ; Off                ;
; Block Design Naming                                          ; Auto               ; Auto               ;
; SDC constraint protection                                    ; Off                ; Off                ;
; Synthesis Effort                                             ; Auto               ; Auto               ;
; Shift Register Replacement - Allow Asynchronous Clear Signal ; On                 ; On                 ;
; Analysis & Synthesis Message Level                           ; Medium             ; Medium             ;
+--------------------------------------------------------------+--------------------+--------------------+


+--------------------------------------------------------------------------------------------------------------------------------+
; Analysis & Synthesis Source Files Read                                                                                         ;
+----------------------------------+-----------------+-----------------+---------------------------------------------------------+
; File Name with User-Entered Path ; Used in Netlist ; File Type       ; File Name with Absolute Path                            ;
+----------------------------------+-----------------+-----------------+---------------------------------------------------------+
; sram_control.vhd                 ; yes             ; User VHDL File  ; H:/Comp Arch/LABS/Project/SRAM_Control/sram_control.vhd ;
+----------------------------------+-----------------+-----------------+---------------------------------------------------------+


+-----------------------------------------------------------+
; Analysis & Synthesis Resource Usage Summary               ;
+---------------------------------------------+-------------+
; Resource                                    ; Usage       ;
+---------------------------------------------+-------------+
; Estimated Total logic elements              ; 45          ;
;                                             ;             ;
; Total combinational functions               ; 6           ;
; Logic element usage by number of LUT inputs ;             ;
;     -- 4 input functions                    ; 1           ;
;     -- 3 input functions                    ; 0           ;
;     -- <=2 input functions                  ; 5           ;
;                                             ;             ;
; Logic elements by mode                      ;             ;
;     -- normal mode                          ; 6           ;
;     -- arithmetic mode                      ; 0           ;
;                                             ;             ;
; Total registers                             ; 45          ;
;     -- Dedicated logic registers            ; 45          ;
;     -- I/O registers                        ; 0           ;
;                                             ;             ;
; I/O pins                                    ; 125         ;
; Maximum fan-out node                        ; clock_50Mhz ;
; Maximum fan-out                             ; 45          ;
; Total fan-out                               ; 168         ;
; Average fan-out                             ; 0.95        ;
+---------------------------------------------+-------------+


+-----------------------------------------------------------------------------------------------------------------------------------------------------------------------------+
; Analysis & Synthesis Resource Utilization by Entity                                                                                                                         ;
+----------------------------+-------------------+--------------+-------------+--------------+---------+-----------+------+--------------+---------------------+--------------+
; Compilation Hierarchy Node ; LC Combinationals ; LC Registers ; Memory Bits ; DSP Elements ; DSP 9x9 ; DSP 18x18 ; Pins ; Virtual Pins ; Full Hierarchy Name ; Library Name ;
+----------------------------+-------------------+--------------+-------------+--------------+---------+-----------+------+--------------+---------------------+--------------+
; |sram_control              ; 6 (6)             ; 45 (45)      ; 0           ; 0            ; 0       ; 0         ; 125  ; 0            ; |sram_control       ; work         ;
+----------------------------+-------------------+--------------+-------------+--------------+---------+-----------+------+--------------+---------------------+--------------+
Note: For table entries with two numbers listed, the numbers in parentheses indicate the number of resources of the given type used by the specific entity alone. The numbers listed outside of parentheses indicate the total resources of the given type used by the specific entity and all of its sub-entities in the hierarchy.


Encoding Type:  One-Hot
+-------------------------------------------------------------------------------------------------------------------------------------------------------------+
; State Machine - |sram_control|state                                                                                                                         ;
+--------------+--------------+--------------+--------------+--------------+-------------+-------------+-------------+-------------+-------------+------------+
; Name         ; state.write4 ; state.write3 ; state.write2 ; state.write1 ; state.read5 ; state.read4 ; state.read3 ; state.read2 ; state.read1 ; state.idle ;
+--------------+--------------+--------------+--------------+--------------+-------------+-------------+-------------+-------------+-------------+------------+
; state.idle   ; 0            ; 0            ; 0            ; 0            ; 0           ; 0           ; 0           ; 0           ; 0           ; 0          ;
; state.read1  ; 0            ; 0            ; 0            ; 0            ; 0           ; 0           ; 0           ; 0           ; 1           ; 1          ;
; state.read2  ; 0            ; 0            ; 0            ; 0            ; 0           ; 0           ; 0           ; 1           ; 0           ; 1          ;
; state.read3  ; 0            ; 0            ; 0            ; 0            ; 0           ; 0           ; 1           ; 0           ; 0           ; 1          ;
; state.read4  ; 0            ; 0            ; 0            ; 0            ; 0           ; 1           ; 0           ; 0           ; 0           ; 1          ;
; state.read5  ; 0            ; 0            ; 0            ; 0            ; 1           ; 0           ; 0           ; 0           ; 0           ; 1          ;
; state.write1 ; 0            ; 0            ; 0            ; 1            ; 0           ; 0           ; 0           ; 0           ; 0           ; 1          ;
; state.write2 ; 0            ; 0            ; 1            ; 0            ; 0           ; 0           ; 0           ; 0           ; 0           ; 1          ;
; state.write3 ; 0            ; 1            ; 0            ; 0            ; 0           ; 0           ; 0           ; 0           ; 0           ; 1          ;
; state.write4 ; 1            ; 0            ; 0            ; 0            ; 0           ; 0           ; 0           ; 0           ; 0           ; 1          ;
+--------------+--------------+--------------+--------------+--------------+-------------+-------------+-------------+-------------+-------------+------------+


+------------------------------------------------------+
; General Register Statistics                          ;
+----------------------------------------------+-------+
; Statistic                                    ; Value ;
+----------------------------------------------+-------+
; Total registers                              ; 45    ;
; Number of registers using Synchronous Clear  ; 0     ;
; Number of registers using Synchronous Load   ; 0     ;
; Number of registers using Asynchronous Clear ; 13    ;
; Number of registers using Asynchronous Load  ; 0     ;
; Number of registers using Clock Enable       ; 0     ;
; Number of registers using Preset             ; 0     ;
+----------------------------------------------+-------+


+--------------------------------------------------+
; Inverted Register Statistics                     ;
+----------------------------------------+---------+
; Inverted Register                      ; Fan out ;
+----------------------------------------+---------+
; WE~reg0                                ; 1       ;
; OE~reg0                                ; 1       ;
; CS~reg0                                ; 1       ;
; Total number of inverted registers = 3 ;         ;
+----------------------------------------+---------+


+-------------------------------+
; Analysis & Synthesis Messages ;
+-------------------------------+
Info: *******************************************************************
Info: Running Quartus II Analysis & Synthesis
    Info: Version 9.0 Build 184 04/29/2009 Service Pack 1 SJ Web Edition
    Info: Processing started: Thu Sep 22 09:43:25 2011
Info: Command: quartus_map --read_settings_files=on --write_settings_files=off sram_control -c sram_control
Info: Found 2 design units, including 1 entities, in source file sram_control.vhd
    Info: Found design unit 1: sram_control-behav
    Info: Found entity 1: sram_control
Info: Elaborating entity "sram_control" for the top level hierarchy
Warning (10541): VHDL Signal Declaration warning at sram_control.vhd(11): used implicit default value for signal "led" because signal was never assigned a value or an explicit default value. Use of implicit default value may introduce unintended design optimizations.
Warning (10541): VHDL Signal Declaration warning at sram_control.vhd(12): used implicit default value for signal "sram_address" because signal was never assigned a value or an explicit default value. Use of implicit default value may introduce unintended design optimizations.
Warning (10492): VHDL Process Statement warning at sram_control.vhd(62): signal "reset" is read inside the Process Statement but isn't in the Process Statement's sensitivity list
Info: Registers with preset signals will power-up high
Info: DEV_CLRn pin will set, and not reset, register with preset signal due to NOT Gate Push-Back
Warning: Output pins are stuck at VCC or GND
    Warning (13410): Pin "led[0]" is stuck at GND
    Warning (13410): Pin "led[1]" is stuck at GND
    Warning (13410): Pin "led[2]" is stuck at GND
    Warning (13410): Pin "led[3]" is stuck at GND
    Warning (13410): Pin "led[4]" is stuck at GND
    Warning (13410): Pin "led[5]" is stuck at GND
    Warning (13410): Pin "led[6]" is stuck at GND
    Warning (13410): Pin "led[7]" is stuck at GND
    Warning (13410): Pin "led[8]" is stuck at GND
    Warning (13410): Pin "led[9]" is stuck at GND
    Warning (13410): Pin "led[10]" is stuck at GND
    Warning (13410): Pin "led[11]" is stuck at GND
    Warning (13410): Pin "led[12]" is stuck at GND
    Warning (13410): Pin "led[13]" is stuck at GND
    Warning (13410): Pin "led[14]" is stuck at GND
    Warning (13410): Pin "led[15]" is stuck at GND
    Warning (13410): Pin "sram_address[0]" is stuck at GND
    Warning (13410): Pin "sram_address[1]" is stuck at GND
    Warning (13410): Pin "sram_address[2]" is stuck at GND
    Warning (13410): Pin "sram_address[3]" is stuck at GND
    Warning (13410): Pin "sram_address[4]" is stuck at GND
    Warning (13410): Pin "sram_address[5]" is stuck at GND
    Warning (13410): Pin "sram_address[6]" is stuck at GND
    Warning (13410): Pin "sram_address[7]" is stuck at GND
    Warning (13410): Pin "sram_address[8]" is stuck at GND
    Warning (13410): Pin "sram_address[9]" is stuck at GND
    Warning (13410): Pin "sram_address[10]" is stuck at GND
    Warning (13410): Pin "sram_address[11]" is stuck at GND
    Warning (13410): Pin "sram_address[12]" is stuck at GND
    Warning (13410): Pin "sram_address[13]" is stuck at GND
    Warning (13410): Pin "sram_address[14]" is stuck at GND
    Warning (13410): Pin "sram_address[15]" is stuck at GND
    Warning (13410): Pin "sram_address[16]" is stuck at GND
    Warning (13410): Pin "sram_address[17]" is stuck at GND
Warning: Design contains 37 input pin(s) that do not drive logic
    Warning (15610): No output dependent on input pin "start_PB"
    Warning (15610): No output dependent on input pin "address_in[0]"
    Warning (15610): No output dependent on input pin "address_in[1]"
    Warning (15610): No output dependent on input pin "address_in[2]"
    Warning (15610): No output dependent on input pin "address_in[3]"
    Warning (15610): No output dependent on input pin "address_in[4]"
    Warning (15610): No output dependent on input pin "address_in[5]"
    Warning (15610): No output dependent on input pin "address_in[6]"
    Warning (15610): No output dependent on input pin "address_in[7]"
    Warning (15610): No output dependent on input pin "address_in[8]"
    Warning (15610): No output dependent on input pin "address_in[9]"
    Warning (15610): No output dependent on input pin "address_in[10]"
    Warning (15610): No output dependent on input pin "address_in[11]"
    Warning (15610): No output dependent on input pin "address_in[12]"
    Warning (15610): No output dependent on input pin "address_in[13]"
    Warning (15610): No output dependent on input pin "address_in[14]"
    Warning (15610): No output dependent on input pin "address_in[15]"
    Warning (15610): No output dependent on input pin "address_in[16]"
    Warning (15610): No output dependent on input pin "address_in[17]"
    Warning (15610): No output dependent on input pin "address_switches[0]"
    Warning (15610): No output dependent on input pin "address_switches[1]"
    Warning (15610): No output dependent on input pin "address_switches[2]"
    Warning (15610): No output dependent on input pin "address_switches[3]"
    Warning (15610): No output dependent on input pin "address_switches[4]"
    Warning (15610): No output dependent on input pin "address_switches[5]"
    Warning (15610): No output dependent on input pin "address_switches[6]"
    Warning (15610): No output dependent on input pin "address_switches[7]"
    Warning (15610): No output dependent on input pin "address_switches[8]"
    Warning (15610): No output dependent on input pin "address_switches[9]"
    Warning (15610): No output dependent on input pin "address_switches[10]"
    Warning (15610): No output dependent on input pin "address_switches[11]"
    Warning (15610): No output dependent on input pin "address_switches[12]"
    Warning (15610): No output dependent on input pin "address_switches[13]"
    Warning (15610): No output dependent on input pin "address_switches[14]"
    Warning (15610): No output dependent on input pin "address_switches[15]"
    Warning (15610): No output dependent on input pin "address_switches[16]"
    Warning (15610): No output dependent on input pin "address_switches[17]"
Info: Implemented 170 device resources after synthesis - the final resource count might be different
    Info: Implemented 56 input pins
    Info: Implemented 53 output pins
    Info: Implemented 16 bidirectional pins
    Info: Implemented 45 logic cells
Info: Quartus II Analysis & Synthesis was successful. 0 errors, 76 warnings
    Info: Peak virtual memory: 185 megabytes
    Info: Processing ended: Thu Sep 22 09:43:30 2011
    Info: Elapsed time: 00:00:05
    Info: Total CPU time (on all processors): 00:00:02


