Flow report for sram_control
Thu Sep 22 09:43:52 2011
Quartus II Version 9.0 Build 184 04/29/2009 Service Pack 1 SJ Web Edition


---------------------
; Table of Contents ;
---------------------
  1. Legal Notice
  2. Flow Summary
  3. Flow Settings
  4. Flow Non-Default Global Settings
  5. Flow Elapsed Time
  6. Flow OS Summary
  7. Flow Log



----------------
; Legal Notice ;
----------------
Copyright (C) 1991-2009 Altera Corporation
Your use of Altera Corporation's design tools, logic functions 
and other software and tools, and its AMPP partner logic 
functions, and any output files from any of the foregoing 
(including device programming or simulation files), and any 
associated documentation or information are expressly subject 
to the terms and conditions of the Altera Program License 
Subscription Agreement, Altera MegaCore Function License 
Agreement, or other applicable license agreement, including, 
without limitation, that your use is for the sole purpose of 
programming logic devices manufactured by Altera and sold by 
Altera or its authorized distributors.  Please refer to the 
applicable agreement for further details.



+-----------------------------------------------------------------------------------+
; Flow Summary                                                                      ;
+------------------------------------+----------------------------------------------+
; Flow Status                        ; Successful - Thu Sep 22 09:43:52 2011        ;
; Quartus II Version                 ; 9.0 Build 184 04/29/2009 SP 1 SJ Web Edition ;
; Revision Name                      ; sram_control                                 ;
; Top-level Entity Name              ; sram_control                                 ;
; Family                             ; Cyclone II                                   ;
; Device                             ; EP2C35F672C6                                 ;
; Timing Models                      ; Final                                        ;
; Met timing requirements            ; Yes                                          ;
; Total logic elements               ; 45 / 33,216 ( < 1 % )                        ;
;     Total combinational functions  ; 6 / 33,216 ( < 1 % )                         ;
;     Dedicated logic registers      ; 45 / 33,216 ( < 1 % )                        ;
; Total registers                    ; 45                                           ;
; Total pins                         ; 125 / 475 ( 26 % )                           ;
; Total virtual pins                 ; 0                                            ;
; Total memory bits                  ; 0 / 483,840 ( 0 % )                          ;
; Embedded Multiplier 9-bit elements ; 0 / 70 ( 0 % )                               ;
; Total PLLs                         ; 0 / 4 ( 0 % )                                ;
+------------------------------------+----------------------------------------------+


+-----------------------------------------+
; Flow Settings                           ;
+-------------------+---------------------+
; Option            ; Setting             ;
+-------------------+---------------------+
; Start date & time ; 09/22/2011 09:43:26 ;
; Main task         ; Compilation         ;
; Revision Name     ; sram_control        ;
+-------------------+---------------------+


+---------------------------------------------------------------------------------------------------------------------------------------------+
; Flow Non-Default Global Settings                                                                                                            ;
+------------------------------------+---------------------------------------------------------+---------------+-------------+----------------+
; Assignment Name                    ; Value                                                   ; Default Value ; Entity Name ; Section Id     ;
+------------------------------------+---------------------------------------------------------+---------------+-------------+----------------+
; COMPILER_SIGNATURE_ID              ; 110891710930.131664140602328                            ; --            ; --          ; --             ;
; MAX_CORE_JUNCTION_TEMP             ; 85                                                      ; --            ; --          ; --             ;
; MIN_CORE_JUNCTION_TEMP             ; 0                                                       ; --            ; --          ; --             ;
; MISC_FILE                          ; H:/Comp Arch/LABS/Project/SRAM_Control/sram_control.dpf ; --            ; --          ; --             ;
; PARTITION_COLOR                    ; 16764057                                                ; --            ; --          ; Top            ;
; PARTITION_NETLIST_TYPE             ; SOURCE                                                  ; --            ; --          ; Top            ;
; USE_GENERATED_PHYSICAL_CONSTRAINTS ; Off                                                     ; --            ; --          ; eda_blast_fpga ;
+------------------------------------+---------------------------------------------------------+---------------+-------------+----------------+


+-----------------------------------------------------------------------------------------------------------------------------+
; Flow Elapsed Time                                                                                                           ;
+-------------------------+--------------+-------------------------+---------------------+------------------------------------+
; Module Name             ; Elapsed Time ; Average Processors Used ; Peak Virtual Memory ; Total CPU Time (on all processors) ;
+-------------------------+--------------+-------------------------+---------------------+------------------------------------+
; Analysis & Synthesis    ; 00:00:04     ; 1.0                     ; 185 MB              ; 00:00:02                           ;
; Fitter                  ; 00:00:10     ; 1.0                     ; 233 MB              ; 00:00:07                           ;
; Assembler               ; 00:00:05     ; 1.0                     ; 213 MB              ; 00:00:03                           ;
; Classic Timing Analyzer ; 00:00:01     ; 1.0                     ; 122 MB              ; 00:00:00                           ;
; Total                   ; 00:00:20     ; --                      ; --                  ; 00:00:12                           ;
+-------------------------+--------------+-------------------------+---------------------+------------------------------------+


+---------------------------------------------------------------------------------------+
; Flow OS Summary                                                                       ;
+-------------------------+------------------+------------+------------+----------------+
; Module Name             ; Machine Hostname ; OS Name    ; OS Version ; Processor type ;
+-------------------------+------------------+------------+------------+----------------+
; Analysis & Synthesis    ; C20446           ; Windows XP ; 5.1        ; i686           ;
; Fitter                  ; C20446           ; Windows XP ; 5.1        ; i686           ;
; Assembler               ; C20446           ; Windows XP ; 5.1        ; i686           ;
; Classic Timing Analyzer ; C20446           ; Windows XP ; 5.1        ; i686           ;
+-------------------------+------------------+------------+------------+----------------+


------------
; Flow Log ;
------------
quartus_map --read_settings_files=on --write_settings_files=off sram_control -c sram_control
quartus_fit --read_settings_files=off --write_settings_files=off sram_control -c sram_control
quartus_asm --read_settings_files=off --write_settings_files=off sram_control -c sram_control
quartus_tan --read_settings_files=off --write_settings_files=off sram_control -c sram_control --timing_analysis_only



