Flow report for top_level
Wed Oct 12 14:51:49 2011
Quartus II Version 9.0 Build 132 02/25/2009 SJ Web Edition


---------------------
; Table of Contents ;
---------------------
  1. Legal Notice
  2. Flow Summary
  3. Flow Settings
  4. Flow Non-Default Global Settings
  5. Flow Elapsed Time
  6. Flow OS Summary
  7. Flow Log



----------------
; Legal Notice ;
----------------
Copyright (C) 1991-2009 Altera Corporation
Your use of Altera Corporation's design tools, logic functions 
and other software and tools, and its AMPP partner logic 
functions, and any output files from any of the foregoing 
(including device programming or simulation files), and any 
associated documentation or information are expressly subject 
to the terms and conditions of the Altera Program License 
Subscription Agreement, Altera MegaCore Function License 
Agreement, or other applicable license agreement, including, 
without limitation, that your use is for the sole purpose of 
programming logic devices manufactured by Altera and sold by 
Altera or its authorized distributors.  Please refer to the 
applicable agreement for further details.



+------------------------------------------------------------------------------+
; Flow Summary                                                                 ;
+------------------------------------+-----------------------------------------+
; Flow Status                        ; Successful - Wed Oct 12 14:51:49 2011   ;
; Quartus II Version                 ; 9.0 Build 132 02/25/2009 SJ Web Edition ;
; Revision Name                      ; top_level                               ;
; Top-level Entity Name              ; top_level                               ;
; Family                             ; Cyclone II                              ;
; Device                             ; EP2C35F672C6                            ;
; Timing Models                      ; Final                                   ;
; Met timing requirements            ; No                                      ;
; Total logic elements               ; 422 / 33,216 ( 1 % )                    ;
;     Total combinational functions  ; 405 / 33,216 ( 1 % )                    ;
;     Dedicated logic registers      ; 227 / 33,216 ( < 1 % )                  ;
; Total registers                    ; 227                                     ;
; Total pins                         ; 73 / 475 ( 15 % )                       ;
; Total virtual pins                 ; 0                                       ;
; Total memory bits                  ; 0 / 483,840 ( 0 % )                     ;
; Embedded Multiplier 9-bit elements ; 0 / 70 ( 0 % )                          ;
; Total PLLs                         ; 0 / 4 ( 0 % )                           ;
+------------------------------------+-----------------------------------------+


+-----------------------------------------+
; Flow Settings                           ;
+-------------------+---------------------+
; Option            ; Setting             ;
+-------------------+---------------------+
; Start date & time ; 10/12/2011 14:51:27 ;
; Main task         ; Compilation         ;
; Revision Name     ; top_level           ;
+-------------------+---------------------+


+------------------------------------------------------------------------------------------------------------------------------------------------------------------+
; Flow Non-Default Global Settings                                                                                                                                 ;
+------------------------------------+------------------------------------------------------------------------------+---------------+-------------+----------------+
; Assignment Name                    ; Value                                                                        ; Default Value ; Entity Name ; Section Id     ;
+------------------------------------+------------------------------------------------------------------------------+---------------+-------------+----------------+
; COMPILER_SIGNATURE_ID              ; 143305465369.131838428703104                                                 ; --            ; --          ; --             ;
; MAX_CORE_JUNCTION_TEMP             ; 85                                                                           ; --            ; --          ; --             ;
; MIN_CORE_JUNCTION_TEMP             ; 0                                                                            ; --            ; --          ; --             ;
; MISC_FILE                          ; C:/Users/Unrelentless/Desktop/Comp Arch/LABS/Project/TOP_LEVEL/top_level.dpf ; --            ; --          ; --             ;
; MISC_FILE                          ; H:/Comp Arch/LABS/Project/Final Version/TOP_LEVEL/top_level.dpf              ; --            ; --          ; --             ;
; PARTITION_COLOR                    ; 16764057                                                                     ; --            ; --          ; Top            ;
; PARTITION_NETLIST_TYPE             ; SOURCE                                                                       ; --            ; --          ; Top            ;
; USE_GENERATED_PHYSICAL_CONSTRAINTS ; Off                                                                          ; --            ; --          ; eda_blast_fpga ;
+------------------------------------+------------------------------------------------------------------------------+---------------+-------------+----------------+


+-----------------------------------------------------------------------------------------------------------------------------+
; Flow Elapsed Time                                                                                                           ;
+-------------------------+--------------+-------------------------+---------------------+------------------------------------+
; Module Name             ; Elapsed Time ; Average Processors Used ; Peak Virtual Memory ; Total CPU Time (on all processors) ;
+-------------------------+--------------+-------------------------+---------------------+------------------------------------+
; Analysis & Synthesis    ; 00:00:04     ; 1.0                     ; 341 MB              ; 00:00:04                           ;
; Fitter                  ; 00:00:08     ; 1.0                     ; 386 MB              ; 00:00:08                           ;
; Assembler               ; 00:00:04     ; 1.0                     ; 358 MB              ; 00:00:04                           ;
; Classic Timing Analyzer ; 00:00:00     ; 1.0                     ; 268 MB              ; 00:00:00                           ;
; Total                   ; 00:00:16     ; --                      ; --                  ; 00:00:16                           ;
+-------------------------+--------------+-------------------------+---------------------+------------------------------------+


+------------------------------------------------------------------------------------------+
; Flow OS Summary                                                                          ;
+-------------------------+------------------+---------------+------------+----------------+
; Module Name             ; Machine Hostname ; OS Name       ; OS Version ; Processor type ;
+-------------------------+------------------+---------------+------------+----------------+
; Analysis & Synthesis    ; Unrelentless-PC  ; Windows Vista ; 6.1        ; x86_64         ;
; Fitter                  ; Unrelentless-PC  ; Windows Vista ; 6.1        ; x86_64         ;
; Assembler               ; Unrelentless-PC  ; Windows Vista ; 6.1        ; x86_64         ;
; Classic Timing Analyzer ; Unrelentless-PC  ; Windows Vista ; 6.1        ; x86_64         ;
+-------------------------+------------------+---------------+------------+----------------+


------------
; Flow Log ;
------------
quartus_map --read_settings_files=on --write_settings_files=off top_level -c top_level
quartus_fit --read_settings_files=off --write_settings_files=off top_level -c top_level
quartus_asm --read_settings_files=off --write_settings_files=off top_level -c top_level
quartus_tan --read_settings_files=off --write_settings_files=off top_level -c top_level --timing_analysis_only



